[0.201s] Invoking command in '/home/rozy/e-Yantra/logistic-cobot/eyrc-24-25-logistic-cobot/build/linkattacher_msgs': CMAKE_PREFIX_PATH=${CMAKE_PREFIX_PATH}:/home/rozy/e-Yantra/logistic-cobot/eyrc-24-25-logistic-cobot/install/ur5_control:/home/rozy/ros2_ws/install/turtlesim_catch_them_all:/home/rozy/ros2_ws/install/my_py_pkg:/opt/ros/humble /usr/bin/cmake --build /home/rozy/e-Yantra/logistic-cobot/eyrc-24-25-logistic-cobot/build/linkattacher_msgs -- -j12 -l12
[0.230s] [35m[1mConsolidate compiler generated dependencies of target linkattacher_msgs__rosidl_generator_c[0m
[0.235s] failed to create symbolic link '/home/rozy/e-Yantra/logistic-cobot/eyrc-24-25-logistic-cobot/build/linkattacher_msgs/ament_cmake_python/linkattacher_msgs/linkattacher_msgs' because existing path cannot be removed: Is a directory
[0.236s] gmake[2]: *** [CMakeFiles/ament_cmake_python_symlink_linkattacher_msgs.dir/build.make:70: CMakeFiles/ament_cmake_python_symlink_linkattacher_msgs] Error 1
[0.236s] gmake[1]: *** [CMakeFiles/Makefile2:421: CMakeFiles/ament_cmake_python_symlink_linkattacher_msgs.dir/all] Error 2
[0.236s] gmake[1]: *** Waiting for unfinished jobs....
[0.236s] [  2%] Built target linkattacher_msgs__cpp
[0.237s] [ 12%] Built target linkattacher_msgs__rosidl_generator_c
[0.238s] gmake: *** [Makefile:146: all] Error 2
[0.430s] Invoked command in '/home/rozy/e-Yantra/logistic-cobot/eyrc-24-25-logistic-cobot/build/linkattacher_msgs' returned '2': CMAKE_PREFIX_PATH=${CMAKE_PREFIX_PATH}:/home/rozy/e-Yantra/logistic-cobot/eyrc-24-25-logistic-cobot/install/ur5_control:/home/rozy/ros2_ws/install/turtlesim_catch_them_all:/home/rozy/ros2_ws/install/my_py_pkg:/opt/ros/humble /usr/bin/cmake --build /home/rozy/e-Yantra/logistic-cobot/eyrc-24-25-logistic-cobot/build/linkattacher_msgs -- -j12 -l12
